<?xml version="1.0" encoding="UTF-8"?>
<testng-results ignored="0" total="2" passed="2" failed="0" skipped="0">
  <reporter-output>
  </reporter-output>
  <suite started-at="2024-01-12T19:05:15Z" name="Suite" finished-at="2024-01-12T19:05:31Z" duration-ms="15205">
    <groups>
    </groups>
    <test started-at="2024-01-12T19:05:15Z" name="Test" finished-at="2024-01-12T19:05:31Z" duration-ms="15205">
      <class name="testcases.LoginTest">
        <test-method is-config="true" signature="SetUo()[pri:0, instance:testcases.LoginTest@659499f1]" started-at="2024-01-12T19:05:15Z" name="SetUo" finished-at="2024-01-12T19:05:18Z" duration-ms="2495" status="PASS">
          <reporter-output>
          </reporter-output>
        </test-method> <!-- SetUo -->
        <test-method signature="LoginFailiureTest()[pri:0, instance:testcases.LoginTest@659499f1]" started-at="2024-01-12T19:05:18Z" name="LoginFailiureTest" finished-at="2024-01-12T19:05:23Z" duration-ms="5467" status="PASS">
          <reporter-output>
          </reporter-output>
        </test-method> <!-- LoginFailiureTest -->
        <test-method is-config="true" signature="TearDown()[pri:0, instance:testcases.LoginTest@659499f1]" started-at="2024-01-12T19:05:23Z" name="TearDown" finished-at="2024-01-12T19:05:24Z" duration-ms="93" status="PASS">
          <reporter-output>
          </reporter-output>
        </test-method> <!-- TearDown -->
        <test-method is-config="true" signature="SetUo()[pri:0, instance:testcases.LoginTest@659499f1]" started-at="2024-01-12T19:05:24Z" name="SetUo" finished-at="2024-01-12T19:05:25Z" duration-ms="1671" status="PASS">
          <reporter-output>
          </reporter-output>
        </test-method> <!-- SetUo -->
        <test-method signature="LoginSuccessTest()[pri:0, instance:testcases.LoginTest@659499f1]" started-at="2024-01-12T19:05:25Z" name="LoginSuccessTest" finished-at="2024-01-12T19:05:31Z" duration-ms="5338" status="PASS">
          <reporter-output>
          </reporter-output>
        </test-method> <!-- LoginSuccessTest -->
        <test-method is-config="true" signature="TearDown()[pri:0, instance:testcases.LoginTest@659499f1]" started-at="2024-01-12T19:05:31Z" name="TearDown" finished-at="2024-01-12T19:05:31Z" duration-ms="123" status="PASS">
          <reporter-output>
          </reporter-output>
        </test-method> <!-- TearDown -->
      </class> <!-- testcases.LoginTest -->
    </test> <!-- Test -->
  </suite> <!-- Suite -->
</testng-results>
