<?xml version="1.0" encoding="UTF-8"?>
<!-- Generated by org.testng.reporters.JUnitXMLReporter -->
<testsuite ignored="0" hostname="ip-172-31-29-113" failures="0" tests="4" name="Default test" time="12.664" errors="0" timestamp="2024-01-12T16:03:58 UTC">
  <testcase classname="testng.CardTest" name="TC01_CreditCardTest" time="0.035"/>
  <testcase classname="testng.LoanTest" name="TC00_PersonalLoanTest" time="0.003"/>
  <testcase classname="testng.LoanTest" name="TC01_HomeLoanTest" time="0.003"/>
  <testcase classname="testng.LoanTest" name="TC02_CarLoanTest" time="0.001"/>
</testsuite> <!-- Default test -->
