<?xml version="1.0" encoding="UTF-8"?>
<!-- Generated by org.testng.reporters.JUnitXMLReporter -->
<testsuite ignored="2" hostname="ip-172-31-29-113" failures="0" tests="2" name="Test" time="5.288" errors="0" timestamp="2024-01-12T16:16:02 UTC">
  <testcase classname="testng.CardTest" name="TC01_CreditCardTest" time="0.032"/>
  <testcase classname="testng.LoanTest" name="TC01_HomeLoanTest" time="0.003"/>
  <testcase classname="testng.LoanTest" name="TC00_PersonalLoanTest" time="0.0">
    <ignored/>
  </testcase> <!-- TC00_PersonalLoanTest -->
  <testcase classname="testng.LoanTest" name="TC02_CarLoanTest" time="0.0">
    <ignored/>
  </testcase> <!-- TC02_CarLoanTest -->
</testsuite> <!-- Test -->
